<?xml version="1.0" encoding="UTF-8"?>
<!-- Generated by org.testng.reporters.JUnitReportReporter -->
<testsuite hostname="DESKTOP-NMES7OQ" failures="0" tests="1" name="RestLibraryAPI.StaticJson" time="2.569" errors="0" timestamp="2022-11-01T17:47:41 UTC" skipped="0">
  <testcase classname="RestLibraryAPI.StaticJson" name="addBook" time="2.569"/>
  <system-out/>
</testsuite> <!-- RestLibraryAPI.StaticJson -->
