<?xml version="1.0" encoding="UTF-8"?>
<!-- Generated by org.testng.reporters.JUnitReportReporter -->
<testsuite hostname="DESKTOP-NMES7OQ" failures="0" tests="3" name="RestLibraryAPI.DynamicDataProvider" time="2.869" errors="0" timestamp="2022-11-01T18:33:03 UTC" skipped="0">
  <testcase classname="RestLibraryAPI.DynamicDataProvider" name="addBookDynamically" time="0.156"/>
  <system-out/>
  <testcase classname="RestLibraryAPI.DynamicDataProvider" name="addBookDynamically" time="2.554"/>
  <system-out/>
  <testcase classname="RestLibraryAPI.DynamicDataProvider" name="addBookDynamically" time="0.159"/>
  <system-out/>
</testsuite> <!-- RestLibraryAPI.DynamicDataProvider -->
